ERROR - 2024-06-14 04:06:37 --> Error connecting to the database: mysqli_sql_exception: No connection could be made because the target machine actively refused it in D:\XAMPP\htdocs\websig\system\Database\MySQLi\Connection.php:186
Stack trace:
#0 D:\XAMPP\htdocs\websig\system\Database\MySQLi\Connection.php(186): mysqli->real_connect('localhost', 'root', Object(SensitiveParameterValue), 'sig', 3306, '', 0)
#1 D:\XAMPP\htdocs\websig\system\Database\BaseConnection.php(421): CodeIgniter\Database\MySQLi\Connection->connect(false)
#2 D:\XAMPP\htdocs\websig\system\Database\BaseConnection.php(604): CodeIgniter\Database\BaseConnection->initialize()
#3 D:\XAMPP\htdocs\websig\system\Database\BaseBuilder.php(1629): CodeIgniter\Database\BaseConnection->query('SELECT *\nFROM `...', Array, false)
#4 D:\XAMPP\htdocs\websig\system\Model.php(207): CodeIgniter\Database\BaseBuilder->get()
#5 D:\XAMPP\htdocs\websig\system\BaseModel.php(610): CodeIgniter\Model->doFind(true, 1)
#6 D:\XAMPP\htdocs\websig\app\Controllers\Dashboard.php(17): CodeIgniter\BaseModel->find(1)
#7 D:\XAMPP\htdocs\websig\system\CodeIgniter.php(933): App\Controllers\Dashboard->index()
#8 D:\XAMPP\htdocs\websig\system\CodeIgniter.php(509): CodeIgniter\CodeIgniter->runController(Object(App\Controllers\Dashboard))
#9 D:\XAMPP\htdocs\websig\system\CodeIgniter.php(355): CodeIgniter\CodeIgniter->handleRequest(NULL, Object(Config\Cache), false)
#10 D:\XAMPP\htdocs\websig\system\Boot.php(312): CodeIgniter\CodeIgniter->run()
#11 D:\XAMPP\htdocs\websig\system\Boot.php(67): CodeIgniter\Boot::runCodeIgniter(Object(CodeIgniter\CodeIgniter))
#12 D:\XAMPP\htdocs\websig\public\index.php(56): CodeIgniter\Boot::bootWeb(Object(Config\Paths))
#13 D:\XAMPP\htdocs\websig\system\Commands\Server\rewrite.php(49): require_once('D:\\XAMPP\\htdocs...')
#14 {main}

Next CodeIgniter\Database\Exceptions\DatabaseException: No connection could be made because the target machine actively refused it in D:\XAMPP\htdocs\websig\system\Database\MySQLi\Connection.php:231
Stack trace:
#0 D:\XAMPP\htdocs\websig\system\Database\BaseConnection.php(421): CodeIgniter\Database\MySQLi\Connection->connect(false)
#1 D:\XAMPP\htdocs\websig\system\Database\BaseConnection.php(604): CodeIgniter\Database\BaseConnection->initialize()
#2 D:\XAMPP\htdocs\websig\system\Database\BaseBuilder.php(1629): CodeIgniter\Database\BaseConnection->query('SELECT *\nFROM `...', Array, false)
#3 D:\XAMPP\htdocs\websig\system\Model.php(207): CodeIgniter\Database\BaseBuilder->get()
#4 D:\XAMPP\htdocs\websig\system\BaseModel.php(610): CodeIgniter\Model->doFind(true, 1)
#5 D:\XAMPP\htdocs\websig\app\Controllers\Dashboard.php(17): CodeIgniter\BaseModel->find(1)
#6 D:\XAMPP\htdocs\websig\system\CodeIgniter.php(933): App\Controllers\Dashboard->index()
#7 D:\XAMPP\htdocs\websig\system\CodeIgniter.php(509): CodeIgniter\CodeIgniter->runController(Object(App\Controllers\Dashboard))
#8 D:\XAMPP\htdocs\websig\system\CodeIgniter.php(355): CodeIgniter\CodeIgniter->handleRequest(NULL, Object(Config\Cache), false)
#9 D:\XAMPP\htdocs\websig\system\Boot.php(312): CodeIgniter\CodeIgniter->run()
#10 D:\XAMPP\htdocs\websig\system\Boot.php(67): CodeIgniter\Boot::runCodeIgniter(Object(CodeIgniter\CodeIgniter))
#11 D:\XAMPP\htdocs\websig\public\index.php(56): CodeIgniter\Boot::bootWeb(Object(Config\Paths))
#12 D:\XAMPP\htdocs\websig\system\Commands\Server\rewrite.php(49): require_once('D:\\XAMPP\\htdocs...')
#13 {main}
CRITICAL - 2024-06-14 04:06:37 --> CodeIgniter\Database\Exceptions\DatabaseException: Unable to connect to the database.
Main connection [MySQLi]: No connection could be made because the target machine actively refused it
[Method: GET, Route: /]
in SYSTEMPATH\Database\BaseConnection.php on line 457.
 1 SYSTEMPATH\Database\BaseConnection.php(604): CodeIgniter\Database\BaseConnection->initialize()
 2 SYSTEMPATH\Database\BaseBuilder.php(1629): CodeIgniter\Database\BaseConnection->query('SELECT *
FROM `kabupaten`
WHERE `kabupaten`.`id_kabupaten` = :kabupaten.id_kabupaten:', [...], false)
 3 SYSTEMPATH\Model.php(207): CodeIgniter\Database\BaseBuilder->get()
 4 SYSTEMPATH\BaseModel.php(610): CodeIgniter\Model->doFind(true, 1)
 5 APPPATH\Controllers\Dashboard.php(17): CodeIgniter\BaseModel->find(1)
 6 SYSTEMPATH\CodeIgniter.php(933): App\Controllers\Dashboard->index()
 7 SYSTEMPATH\CodeIgniter.php(509): CodeIgniter\CodeIgniter->runController(Object(App\Controllers\Dashboard))
 8 SYSTEMPATH\CodeIgniter.php(355): CodeIgniter\CodeIgniter->handleRequest(null, Object(Config\Cache), false)
 9 SYSTEMPATH\Boot.php(312): CodeIgniter\CodeIgniter->run()
10 SYSTEMPATH\Boot.php(67): CodeIgniter\Boot::runCodeIgniter(Object(CodeIgniter\CodeIgniter))
11 FCPATH\index.php(56): CodeIgniter\Boot::bootWeb(Object(Config\Paths))
12 SYSTEMPATH\Commands\Server\rewrite.php(49): require_once('D:\\XAMPP\\htdocs\\websig\\public\\index.php')
ERROR - 2024-06-14 04:07:41 --> Error connecting to the database: mysqli_sql_exception: No connection could be made because the target machine actively refused it in D:\XAMPP\htdocs\websig\system\Database\MySQLi\Connection.php:186
Stack trace:
#0 D:\XAMPP\htdocs\websig\system\Database\MySQLi\Connection.php(186): mysqli->real_connect('localhost', 'root', Object(SensitiveParameterValue), 'sig', 3306, '', 0)
#1 D:\XAMPP\htdocs\websig\system\Database\BaseConnection.php(421): CodeIgniter\Database\MySQLi\Connection->connect(false)
#2 D:\XAMPP\htdocs\websig\system\Database\BaseConnection.php(604): CodeIgniter\Database\BaseConnection->initialize()
#3 D:\XAMPP\htdocs\websig\system\Database\BaseBuilder.php(1629): CodeIgniter\Database\BaseConnection->query('SELECT *\nFROM `...', Array, false)
#4 D:\XAMPP\htdocs\websig\system\Model.php(207): CodeIgniter\Database\BaseBuilder->get()
#5 D:\XAMPP\htdocs\websig\system\BaseModel.php(610): CodeIgniter\Model->doFind(true, 1)
#6 D:\XAMPP\htdocs\websig\app\Controllers\Dashboard.php(17): CodeIgniter\BaseModel->find(1)
#7 D:\XAMPP\htdocs\websig\system\CodeIgniter.php(933): App\Controllers\Dashboard->index()
#8 D:\XAMPP\htdocs\websig\system\CodeIgniter.php(509): CodeIgniter\CodeIgniter->runController(Object(App\Controllers\Dashboard))
#9 D:\XAMPP\htdocs\websig\system\CodeIgniter.php(355): CodeIgniter\CodeIgniter->handleRequest(NULL, Object(Config\Cache), false)
#10 D:\XAMPP\htdocs\websig\system\Boot.php(312): CodeIgniter\CodeIgniter->run()
#11 D:\XAMPP\htdocs\websig\system\Boot.php(67): CodeIgniter\Boot::runCodeIgniter(Object(CodeIgniter\CodeIgniter))
#12 D:\XAMPP\htdocs\websig\public\index.php(56): CodeIgniter\Boot::bootWeb(Object(Config\Paths))
#13 D:\XAMPP\htdocs\websig\system\Commands\Server\rewrite.php(49): require_once('D:\\XAMPP\\htdocs...')
#14 {main}

Next CodeIgniter\Database\Exceptions\DatabaseException: No connection could be made because the target machine actively refused it in D:\XAMPP\htdocs\websig\system\Database\MySQLi\Connection.php:231
Stack trace:
#0 D:\XAMPP\htdocs\websig\system\Database\BaseConnection.php(421): CodeIgniter\Database\MySQLi\Connection->connect(false)
#1 D:\XAMPP\htdocs\websig\system\Database\BaseConnection.php(604): CodeIgniter\Database\BaseConnection->initialize()
#2 D:\XAMPP\htdocs\websig\system\Database\BaseBuilder.php(1629): CodeIgniter\Database\BaseConnection->query('SELECT *\nFROM `...', Array, false)
#3 D:\XAMPP\htdocs\websig\system\Model.php(207): CodeIgniter\Database\BaseBuilder->get()
#4 D:\XAMPP\htdocs\websig\system\BaseModel.php(610): CodeIgniter\Model->doFind(true, 1)
#5 D:\XAMPP\htdocs\websig\app\Controllers\Dashboard.php(17): CodeIgniter\BaseModel->find(1)
#6 D:\XAMPP\htdocs\websig\system\CodeIgniter.php(933): App\Controllers\Dashboard->index()
#7 D:\XAMPP\htdocs\websig\system\CodeIgniter.php(509): CodeIgniter\CodeIgniter->runController(Object(App\Controllers\Dashboard))
#8 D:\XAMPP\htdocs\websig\system\CodeIgniter.php(355): CodeIgniter\CodeIgniter->handleRequest(NULL, Object(Config\Cache), false)
#9 D:\XAMPP\htdocs\websig\system\Boot.php(312): CodeIgniter\CodeIgniter->run()
#10 D:\XAMPP\htdocs\websig\system\Boot.php(67): CodeIgniter\Boot::runCodeIgniter(Object(CodeIgniter\CodeIgniter))
#11 D:\XAMPP\htdocs\websig\public\index.php(56): CodeIgniter\Boot::bootWeb(Object(Config\Paths))
#12 D:\XAMPP\htdocs\websig\system\Commands\Server\rewrite.php(49): require_once('D:\\XAMPP\\htdocs...')
#13 {main}
CRITICAL - 2024-06-14 04:07:41 --> CodeIgniter\Database\Exceptions\DatabaseException: Unable to connect to the database.
Main connection [MySQLi]: No connection could be made because the target machine actively refused it
[Method: GET, Route: /]
in SYSTEMPATH\Database\BaseConnection.php on line 457.
 1 SYSTEMPATH\Database\BaseConnection.php(604): CodeIgniter\Database\BaseConnection->initialize()
 2 SYSTEMPATH\Database\BaseBuilder.php(1629): CodeIgniter\Database\BaseConnection->query('SELECT *
FROM `kabupaten`
WHERE `kabupaten`.`id_kabupaten` = :kabupaten.id_kabupaten:', [...], false)
 3 SYSTEMPATH\Model.php(207): CodeIgniter\Database\BaseBuilder->get()
 4 SYSTEMPATH\BaseModel.php(610): CodeIgniter\Model->doFind(true, 1)
 5 APPPATH\Controllers\Dashboard.php(17): CodeIgniter\BaseModel->find(1)
 6 SYSTEMPATH\CodeIgniter.php(933): App\Controllers\Dashboard->index()
 7 SYSTEMPATH\CodeIgniter.php(509): CodeIgniter\CodeIgniter->runController(Object(App\Controllers\Dashboard))
 8 SYSTEMPATH\CodeIgniter.php(355): CodeIgniter\CodeIgniter->handleRequest(null, Object(Config\Cache), false)
 9 SYSTEMPATH\Boot.php(312): CodeIgniter\CodeIgniter->run()
10 SYSTEMPATH\Boot.php(67): CodeIgniter\Boot::runCodeIgniter(Object(CodeIgniter\CodeIgniter))
11 FCPATH\index.php(56): CodeIgniter\Boot::bootWeb(Object(Config\Paths))
12 SYSTEMPATH\Commands\Server\rewrite.php(49): require_once('D:\\XAMPP\\htdocs\\websig\\public\\index.php')
ERROR - 2024-06-14 04:07:48 --> Error connecting to the database: mysqli_sql_exception: No connection could be made because the target machine actively refused it in D:\XAMPP\htdocs\websig\system\Database\MySQLi\Connection.php:186
Stack trace:
#0 D:\XAMPP\htdocs\websig\system\Database\MySQLi\Connection.php(186): mysqli->real_connect('localhost', 'root', Object(SensitiveParameterValue), 'sig', 3306, '', 0)
#1 D:\XAMPP\htdocs\websig\system\Database\BaseConnection.php(421): CodeIgniter\Database\MySQLi\Connection->connect(false)
#2 D:\XAMPP\htdocs\websig\system\Database\BaseConnection.php(604): CodeIgniter\Database\BaseConnection->initialize()
#3 D:\XAMPP\htdocs\websig\system\Database\BaseBuilder.php(1629): CodeIgniter\Database\BaseConnection->query('SELECT *\nFROM `...', Array, false)
#4 D:\XAMPP\htdocs\websig\system\Model.php(207): CodeIgniter\Database\BaseBuilder->get()
#5 D:\XAMPP\htdocs\websig\system\BaseModel.php(610): CodeIgniter\Model->doFind(true, 1)
#6 D:\XAMPP\htdocs\websig\app\Controllers\Dashboard.php(17): CodeIgniter\BaseModel->find(1)
#7 D:\XAMPP\htdocs\websig\system\CodeIgniter.php(933): App\Controllers\Dashboard->index()
#8 D:\XAMPP\htdocs\websig\system\CodeIgniter.php(509): CodeIgniter\CodeIgniter->runController(Object(App\Controllers\Dashboard))
#9 D:\XAMPP\htdocs\websig\system\CodeIgniter.php(355): CodeIgniter\CodeIgniter->handleRequest(NULL, Object(Config\Cache), false)
#10 D:\XAMPP\htdocs\websig\system\Boot.php(312): CodeIgniter\CodeIgniter->run()
#11 D:\XAMPP\htdocs\websig\system\Boot.php(67): CodeIgniter\Boot::runCodeIgniter(Object(CodeIgniter\CodeIgniter))
#12 D:\XAMPP\htdocs\websig\public\index.php(56): CodeIgniter\Boot::bootWeb(Object(Config\Paths))
#13 D:\XAMPP\htdocs\websig\system\Commands\Server\rewrite.php(49): require_once('D:\\XAMPP\\htdocs...')
#14 {main}

Next CodeIgniter\Database\Exceptions\DatabaseException: No connection could be made because the target machine actively refused it in D:\XAMPP\htdocs\websig\system\Database\MySQLi\Connection.php:231
Stack trace:
#0 D:\XAMPP\htdocs\websig\system\Database\BaseConnection.php(421): CodeIgniter\Database\MySQLi\Connection->connect(false)
#1 D:\XAMPP\htdocs\websig\system\Database\BaseConnection.php(604): CodeIgniter\Database\BaseConnection->initialize()
#2 D:\XAMPP\htdocs\websig\system\Database\BaseBuilder.php(1629): CodeIgniter\Database\BaseConnection->query('SELECT *\nFROM `...', Array, false)
#3 D:\XAMPP\htdocs\websig\system\Model.php(207): CodeIgniter\Database\BaseBuilder->get()
#4 D:\XAMPP\htdocs\websig\system\BaseModel.php(610): CodeIgniter\Model->doFind(true, 1)
#5 D:\XAMPP\htdocs\websig\app\Controllers\Dashboard.php(17): CodeIgniter\BaseModel->find(1)
#6 D:\XAMPP\htdocs\websig\system\CodeIgniter.php(933): App\Controllers\Dashboard->index()
#7 D:\XAMPP\htdocs\websig\system\CodeIgniter.php(509): CodeIgniter\CodeIgniter->runController(Object(App\Controllers\Dashboard))
#8 D:\XAMPP\htdocs\websig\system\CodeIgniter.php(355): CodeIgniter\CodeIgniter->handleRequest(NULL, Object(Config\Cache), false)
#9 D:\XAMPP\htdocs\websig\system\Boot.php(312): CodeIgniter\CodeIgniter->run()
#10 D:\XAMPP\htdocs\websig\system\Boot.php(67): CodeIgniter\Boot::runCodeIgniter(Object(CodeIgniter\CodeIgniter))
#11 D:\XAMPP\htdocs\websig\public\index.php(56): CodeIgniter\Boot::bootWeb(Object(Config\Paths))
#12 D:\XAMPP\htdocs\websig\system\Commands\Server\rewrite.php(49): require_once('D:\\XAMPP\\htdocs...')
#13 {main}
CRITICAL - 2024-06-14 04:07:48 --> CodeIgniter\Database\Exceptions\DatabaseException: Unable to connect to the database.
Main connection [MySQLi]: No connection could be made because the target machine actively refused it
[Method: GET, Route: /]
in SYSTEMPATH\Database\BaseConnection.php on line 457.
 1 SYSTEMPATH\Database\BaseConnection.php(604): CodeIgniter\Database\BaseConnection->initialize()
 2 SYSTEMPATH\Database\BaseBuilder.php(1629): CodeIgniter\Database\BaseConnection->query('SELECT *
FROM `kabupaten`
WHERE `kabupaten`.`id_kabupaten` = :kabupaten.id_kabupaten:', [...], false)
 3 SYSTEMPATH\Model.php(207): CodeIgniter\Database\BaseBuilder->get()
 4 SYSTEMPATH\BaseModel.php(610): CodeIgniter\Model->doFind(true, 1)
 5 APPPATH\Controllers\Dashboard.php(17): CodeIgniter\BaseModel->find(1)
 6 SYSTEMPATH\CodeIgniter.php(933): App\Controllers\Dashboard->index()
 7 SYSTEMPATH\CodeIgniter.php(509): CodeIgniter\CodeIgniter->runController(Object(App\Controllers\Dashboard))
 8 SYSTEMPATH\CodeIgniter.php(355): CodeIgniter\CodeIgniter->handleRequest(null, Object(Config\Cache), false)
 9 SYSTEMPATH\Boot.php(312): CodeIgniter\CodeIgniter->run()
10 SYSTEMPATH\Boot.php(67): CodeIgniter\Boot::runCodeIgniter(Object(CodeIgniter\CodeIgniter))
11 FCPATH\index.php(56): CodeIgniter\Boot::bootWeb(Object(Config\Paths))
12 SYSTEMPATH\Commands\Server\rewrite.php(49): require_once('D:\\XAMPP\\htdocs\\websig\\public\\index.php')
ERROR - 2024-06-14 04:08:01 --> Error connecting to the database: mysqli_sql_exception: No connection could be made because the target machine actively refused it in D:\XAMPP\htdocs\websig\system\Database\MySQLi\Connection.php:186
Stack trace:
#0 D:\XAMPP\htdocs\websig\system\Database\MySQLi\Connection.php(186): mysqli->real_connect('localhost', 'root', Object(SensitiveParameterValue), 'sig', 3306, '', 0)
#1 D:\XAMPP\htdocs\websig\system\Database\BaseConnection.php(421): CodeIgniter\Database\MySQLi\Connection->connect(false)
#2 D:\XAMPP\htdocs\websig\system\Database\BaseConnection.php(604): CodeIgniter\Database\BaseConnection->initialize()
#3 D:\XAMPP\htdocs\websig\system\Database\BaseBuilder.php(1629): CodeIgniter\Database\BaseConnection->query('SELECT *\nFROM `...', Array, false)
#4 D:\XAMPP\htdocs\websig\system\Model.php(207): CodeIgniter\Database\BaseBuilder->get()
#5 D:\XAMPP\htdocs\websig\system\BaseModel.php(610): CodeIgniter\Model->doFind(true, 1)
#6 D:\XAMPP\htdocs\websig\app\Controllers\Dashboard.php(17): CodeIgniter\BaseModel->find(1)
#7 D:\XAMPP\htdocs\websig\system\CodeIgniter.php(933): App\Controllers\Dashboard->index()
#8 D:\XAMPP\htdocs\websig\system\CodeIgniter.php(509): CodeIgniter\CodeIgniter->runController(Object(App\Controllers\Dashboard))
#9 D:\XAMPP\htdocs\websig\system\CodeIgniter.php(355): CodeIgniter\CodeIgniter->handleRequest(NULL, Object(Config\Cache), false)
#10 D:\XAMPP\htdocs\websig\system\Boot.php(312): CodeIgniter\CodeIgniter->run()
#11 D:\XAMPP\htdocs\websig\system\Boot.php(67): CodeIgniter\Boot::runCodeIgniter(Object(CodeIgniter\CodeIgniter))
#12 D:\XAMPP\htdocs\websig\public\index.php(56): CodeIgniter\Boot::bootWeb(Object(Config\Paths))
#13 D:\XAMPP\htdocs\websig\system\Commands\Server\rewrite.php(49): require_once('D:\\XAMPP\\htdocs...')
#14 {main}

Next CodeIgniter\Database\Exceptions\DatabaseException: No connection could be made because the target machine actively refused it in D:\XAMPP\htdocs\websig\system\Database\MySQLi\Connection.php:231
Stack trace:
#0 D:\XAMPP\htdocs\websig\system\Database\BaseConnection.php(421): CodeIgniter\Database\MySQLi\Connection->connect(false)
#1 D:\XAMPP\htdocs\websig\system\Database\BaseConnection.php(604): CodeIgniter\Database\BaseConnection->initialize()
#2 D:\XAMPP\htdocs\websig\system\Database\BaseBuilder.php(1629): CodeIgniter\Database\BaseConnection->query('SELECT *\nFROM `...', Array, false)
#3 D:\XAMPP\htdocs\websig\system\Model.php(207): CodeIgniter\Database\BaseBuilder->get()
#4 D:\XAMPP\htdocs\websig\system\BaseModel.php(610): CodeIgniter\Model->doFind(true, 1)
#5 D:\XAMPP\htdocs\websig\app\Controllers\Dashboard.php(17): CodeIgniter\BaseModel->find(1)
#6 D:\XAMPP\htdocs\websig\system\CodeIgniter.php(933): App\Controllers\Dashboard->index()
#7 D:\XAMPP\htdocs\websig\system\CodeIgniter.php(509): CodeIgniter\CodeIgniter->runController(Object(App\Controllers\Dashboard))
#8 D:\XAMPP\htdocs\websig\system\CodeIgniter.php(355): CodeIgniter\CodeIgniter->handleRequest(NULL, Object(Config\Cache), false)
#9 D:\XAMPP\htdocs\websig\system\Boot.php(312): CodeIgniter\CodeIgniter->run()
#10 D:\XAMPP\htdocs\websig\system\Boot.php(67): CodeIgniter\Boot::runCodeIgniter(Object(CodeIgniter\CodeIgniter))
#11 D:\XAMPP\htdocs\websig\public\index.php(56): CodeIgniter\Boot::bootWeb(Object(Config\Paths))
#12 D:\XAMPP\htdocs\websig\system\Commands\Server\rewrite.php(49): require_once('D:\\XAMPP\\htdocs...')
#13 {main}
CRITICAL - 2024-06-14 04:08:01 --> CodeIgniter\Database\Exceptions\DatabaseException: Unable to connect to the database.
Main connection [MySQLi]: No connection could be made because the target machine actively refused it
[Method: GET, Route: /]
in SYSTEMPATH\Database\BaseConnection.php on line 457.
 1 SYSTEMPATH\Database\BaseConnection.php(604): CodeIgniter\Database\BaseConnection->initialize()
 2 SYSTEMPATH\Database\BaseBuilder.php(1629): CodeIgniter\Database\BaseConnection->query('SELECT *
FROM `kabupaten`
WHERE `kabupaten`.`id_kabupaten` = :kabupaten.id_kabupaten:', [...], false)
 3 SYSTEMPATH\Model.php(207): CodeIgniter\Database\BaseBuilder->get()
 4 SYSTEMPATH\BaseModel.php(610): CodeIgniter\Model->doFind(true, 1)
 5 APPPATH\Controllers\Dashboard.php(17): CodeIgniter\BaseModel->find(1)
 6 SYSTEMPATH\CodeIgniter.php(933): App\Controllers\Dashboard->index()
 7 SYSTEMPATH\CodeIgniter.php(509): CodeIgniter\CodeIgniter->runController(Object(App\Controllers\Dashboard))
 8 SYSTEMPATH\CodeIgniter.php(355): CodeIgniter\CodeIgniter->handleRequest(null, Object(Config\Cache), false)
 9 SYSTEMPATH\Boot.php(312): CodeIgniter\CodeIgniter->run()
10 SYSTEMPATH\Boot.php(67): CodeIgniter\Boot::runCodeIgniter(Object(CodeIgniter\CodeIgniter))
11 FCPATH\index.php(56): CodeIgniter\Boot::bootWeb(Object(Config\Paths))
12 SYSTEMPATH\Commands\Server\rewrite.php(49): require_once('D:\\XAMPP\\htdocs\\websig\\public\\index.php')
