ERROR - 2024-06-26 02:37:01 --> Error connecting to the database: mysqli_sql_exception: No connection could be made because the target machine actively refused it in C:\xampp\htdocs\sig22eo10010\system\Database\MySQLi\Connection.php:186
Stack trace:
#0 C:\xampp\htdocs\sig22eo10010\system\Database\MySQLi\Connection.php(186): mysqli->real_connect('localhost', 'root', Object(SensitiveParameterValue), 'sig', 3306, '', 0)
#1 C:\xampp\htdocs\sig22eo10010\system\Database\BaseConnection.php(421): CodeIgniter\Database\MySQLi\Connection->connect(false)
#2 C:\xampp\htdocs\sig22eo10010\system\Database\BaseConnection.php(604): CodeIgniter\Database\BaseConnection->initialize()
#3 C:\xampp\htdocs\sig22eo10010\system\Database\BaseBuilder.php(1629): CodeIgniter\Database\BaseConnection->query('SELECT *\nFROM `...', Array, false)
#4 C:\xampp\htdocs\sig22eo10010\system\Model.php(207): CodeIgniter\Database\BaseBuilder->get()
#5 C:\xampp\htdocs\sig22eo10010\system\BaseModel.php(610): CodeIgniter\Model->doFind(true, 1)
#6 C:\xampp\htdocs\sig22eo10010\app\Controllers\Dashboard.php(17): CodeIgniter\BaseModel->find(1)
#7 C:\xampp\htdocs\sig22eo10010\system\CodeIgniter.php(933): App\Controllers\Dashboard->index()
#8 C:\xampp\htdocs\sig22eo10010\system\CodeIgniter.php(509): CodeIgniter\CodeIgniter->runController(Object(App\Controllers\Dashboard))
#9 C:\xampp\htdocs\sig22eo10010\system\CodeIgniter.php(355): CodeIgniter\CodeIgniter->handleRequest(NULL, Object(Config\Cache), false)
#10 C:\xampp\htdocs\sig22eo10010\system\Boot.php(312): CodeIgniter\CodeIgniter->run()
#11 C:\xampp\htdocs\sig22eo10010\system\Boot.php(67): CodeIgniter\Boot::runCodeIgniter(Object(CodeIgniter\CodeIgniter))
#12 C:\xampp\htdocs\sig22eo10010\public\index.php(56): CodeIgniter\Boot::bootWeb(Object(Config\Paths))
#13 C:\xampp\htdocs\sig22eo10010\system\Commands\Server\rewrite.php(49): require_once('C:\\xampp\\htdocs...')
#14 {main}

Next CodeIgniter\Database\Exceptions\DatabaseException: No connection could be made because the target machine actively refused it in C:\xampp\htdocs\sig22eo10010\system\Database\MySQLi\Connection.php:231
Stack trace:
#0 C:\xampp\htdocs\sig22eo10010\system\Database\BaseConnection.php(421): CodeIgniter\Database\MySQLi\Connection->connect(false)
#1 C:\xampp\htdocs\sig22eo10010\system\Database\BaseConnection.php(604): CodeIgniter\Database\BaseConnection->initialize()
#2 C:\xampp\htdocs\sig22eo10010\system\Database\BaseBuilder.php(1629): CodeIgniter\Database\BaseConnection->query('SELECT *\nFROM `...', Array, false)
#3 C:\xampp\htdocs\sig22eo10010\system\Model.php(207): CodeIgniter\Database\BaseBuilder->get()
#4 C:\xampp\htdocs\sig22eo10010\system\BaseModel.php(610): CodeIgniter\Model->doFind(true, 1)
#5 C:\xampp\htdocs\sig22eo10010\app\Controllers\Dashboard.php(17): CodeIgniter\BaseModel->find(1)
#6 C:\xampp\htdocs\sig22eo10010\system\CodeIgniter.php(933): App\Controllers\Dashboard->index()
#7 C:\xampp\htdocs\sig22eo10010\system\CodeIgniter.php(509): CodeIgniter\CodeIgniter->runController(Object(App\Controllers\Dashboard))
#8 C:\xampp\htdocs\sig22eo10010\system\CodeIgniter.php(355): CodeIgniter\CodeIgniter->handleRequest(NULL, Object(Config\Cache), false)
#9 C:\xampp\htdocs\sig22eo10010\system\Boot.php(312): CodeIgniter\CodeIgniter->run()
#10 C:\xampp\htdocs\sig22eo10010\system\Boot.php(67): CodeIgniter\Boot::runCodeIgniter(Object(CodeIgniter\CodeIgniter))
#11 C:\xampp\htdocs\sig22eo10010\public\index.php(56): CodeIgniter\Boot::bootWeb(Object(Config\Paths))
#12 C:\xampp\htdocs\sig22eo10010\system\Commands\Server\rewrite.php(49): require_once('C:\\xampp\\htdocs...')
#13 {main}
CRITICAL - 2024-06-26 02:37:01 --> CodeIgniter\Database\Exceptions\DatabaseException: Unable to connect to the database.
Main connection [MySQLi]: No connection could be made because the target machine actively refused it
[Method: GET, Route: /]
in SYSTEMPATH\Database\BaseConnection.php on line 457.
 1 SYSTEMPATH\Database\BaseConnection.php(604): CodeIgniter\Database\BaseConnection->initialize()
 2 SYSTEMPATH\Database\BaseBuilder.php(1629): CodeIgniter\Database\BaseConnection->query('SELECT *
FROM `kabupaten`
WHERE `kabupaten`.`id_kabupaten` = :kabupaten.id_kabupaten:', [...], false)
 3 SYSTEMPATH\Model.php(207): CodeIgniter\Database\BaseBuilder->get()
 4 SYSTEMPATH\BaseModel.php(610): CodeIgniter\Model->doFind(true, 1)
 5 APPPATH\Controllers\Dashboard.php(17): CodeIgniter\BaseModel->find(1)
 6 SYSTEMPATH\CodeIgniter.php(933): App\Controllers\Dashboard->index()
 7 SYSTEMPATH\CodeIgniter.php(509): CodeIgniter\CodeIgniter->runController(Object(App\Controllers\Dashboard))
 8 SYSTEMPATH\CodeIgniter.php(355): CodeIgniter\CodeIgniter->handleRequest(null, Object(Config\Cache), false)
 9 SYSTEMPATH\Boot.php(312): CodeIgniter\CodeIgniter->run()
10 SYSTEMPATH\Boot.php(67): CodeIgniter\Boot::runCodeIgniter(Object(CodeIgniter\CodeIgniter))
11 FCPATH\index.php(56): CodeIgniter\Boot::bootWeb(Object(Config\Paths))
12 SYSTEMPATH\Commands\Server\rewrite.php(49): require_once('C:\\xampp\\htdocs\\sig22eo10010\\public\\index.php')
ERROR - 2024-06-26 02:38:26 --> Error connecting to the database: mysqli_sql_exception: No connection could be made because the target machine actively refused it in C:\xampp\htdocs\sig22eo10010\system\Database\MySQLi\Connection.php:186
Stack trace:
#0 C:\xampp\htdocs\sig22eo10010\system\Database\MySQLi\Connection.php(186): mysqli->real_connect('localhost', 'root', Object(SensitiveParameterValue), 'sig', 3306, '', 0)
#1 C:\xampp\htdocs\sig22eo10010\system\Database\BaseConnection.php(421): CodeIgniter\Database\MySQLi\Connection->connect(false)
#2 C:\xampp\htdocs\sig22eo10010\system\Database\BaseConnection.php(604): CodeIgniter\Database\BaseConnection->initialize()
#3 C:\xampp\htdocs\sig22eo10010\system\Database\BaseBuilder.php(1629): CodeIgniter\Database\BaseConnection->query('SELECT *\nFROM `...', Array, false)
#4 C:\xampp\htdocs\sig22eo10010\system\Model.php(207): CodeIgniter\Database\BaseBuilder->get()
#5 C:\xampp\htdocs\sig22eo10010\system\BaseModel.php(610): CodeIgniter\Model->doFind(true, 1)
#6 C:\xampp\htdocs\sig22eo10010\app\Controllers\Dashboard.php(17): CodeIgniter\BaseModel->find(1)
#7 C:\xampp\htdocs\sig22eo10010\system\CodeIgniter.php(933): App\Controllers\Dashboard->index()
#8 C:\xampp\htdocs\sig22eo10010\system\CodeIgniter.php(509): CodeIgniter\CodeIgniter->runController(Object(App\Controllers\Dashboard))
#9 C:\xampp\htdocs\sig22eo10010\system\CodeIgniter.php(355): CodeIgniter\CodeIgniter->handleRequest(NULL, Object(Config\Cache), false)
#10 C:\xampp\htdocs\sig22eo10010\system\Boot.php(312): CodeIgniter\CodeIgniter->run()
#11 C:\xampp\htdocs\sig22eo10010\system\Boot.php(67): CodeIgniter\Boot::runCodeIgniter(Object(CodeIgniter\CodeIgniter))
#12 C:\xampp\htdocs\sig22eo10010\public\index.php(56): CodeIgniter\Boot::bootWeb(Object(Config\Paths))
#13 C:\xampp\htdocs\sig22eo10010\system\Commands\Server\rewrite.php(49): require_once('C:\\xampp\\htdocs...')
#14 {main}

Next CodeIgniter\Database\Exceptions\DatabaseException: No connection could be made because the target machine actively refused it in C:\xampp\htdocs\sig22eo10010\system\Database\MySQLi\Connection.php:231
Stack trace:
#0 C:\xampp\htdocs\sig22eo10010\system\Database\BaseConnection.php(421): CodeIgniter\Database\MySQLi\Connection->connect(false)
#1 C:\xampp\htdocs\sig22eo10010\system\Database\BaseConnection.php(604): CodeIgniter\Database\BaseConnection->initialize()
#2 C:\xampp\htdocs\sig22eo10010\system\Database\BaseBuilder.php(1629): CodeIgniter\Database\BaseConnection->query('SELECT *\nFROM `...', Array, false)
#3 C:\xampp\htdocs\sig22eo10010\system\Model.php(207): CodeIgniter\Database\BaseBuilder->get()
#4 C:\xampp\htdocs\sig22eo10010\system\BaseModel.php(610): CodeIgniter\Model->doFind(true, 1)
#5 C:\xampp\htdocs\sig22eo10010\app\Controllers\Dashboard.php(17): CodeIgniter\BaseModel->find(1)
#6 C:\xampp\htdocs\sig22eo10010\system\CodeIgniter.php(933): App\Controllers\Dashboard->index()
#7 C:\xampp\htdocs\sig22eo10010\system\CodeIgniter.php(509): CodeIgniter\CodeIgniter->runController(Object(App\Controllers\Dashboard))
#8 C:\xampp\htdocs\sig22eo10010\system\CodeIgniter.php(355): CodeIgniter\CodeIgniter->handleRequest(NULL, Object(Config\Cache), false)
#9 C:\xampp\htdocs\sig22eo10010\system\Boot.php(312): CodeIgniter\CodeIgniter->run()
#10 C:\xampp\htdocs\sig22eo10010\system\Boot.php(67): CodeIgniter\Boot::runCodeIgniter(Object(CodeIgniter\CodeIgniter))
#11 C:\xampp\htdocs\sig22eo10010\public\index.php(56): CodeIgniter\Boot::bootWeb(Object(Config\Paths))
#12 C:\xampp\htdocs\sig22eo10010\system\Commands\Server\rewrite.php(49): require_once('C:\\xampp\\htdocs...')
#13 {main}
CRITICAL - 2024-06-26 02:38:26 --> CodeIgniter\Database\Exceptions\DatabaseException: Unable to connect to the database.
Main connection [MySQLi]: No connection could be made because the target machine actively refused it
[Method: GET, Route: /]
in SYSTEMPATH\Database\BaseConnection.php on line 457.
 1 SYSTEMPATH\Database\BaseConnection.php(604): CodeIgniter\Database\BaseConnection->initialize()
 2 SYSTEMPATH\Database\BaseBuilder.php(1629): CodeIgniter\Database\BaseConnection->query('SELECT *
FROM `kabupaten`
WHERE `kabupaten`.`id_kabupaten` = :kabupaten.id_kabupaten:', [...], false)
 3 SYSTEMPATH\Model.php(207): CodeIgniter\Database\BaseBuilder->get()
 4 SYSTEMPATH\BaseModel.php(610): CodeIgniter\Model->doFind(true, 1)
 5 APPPATH\Controllers\Dashboard.php(17): CodeIgniter\BaseModel->find(1)
 6 SYSTEMPATH\CodeIgniter.php(933): App\Controllers\Dashboard->index()
 7 SYSTEMPATH\CodeIgniter.php(509): CodeIgniter\CodeIgniter->runController(Object(App\Controllers\Dashboard))
 8 SYSTEMPATH\CodeIgniter.php(355): CodeIgniter\CodeIgniter->handleRequest(null, Object(Config\Cache), false)
 9 SYSTEMPATH\Boot.php(312): CodeIgniter\CodeIgniter->run()
10 SYSTEMPATH\Boot.php(67): CodeIgniter\Boot::runCodeIgniter(Object(CodeIgniter\CodeIgniter))
11 FCPATH\index.php(56): CodeIgniter\Boot::bootWeb(Object(Config\Paths))
12 SYSTEMPATH\Commands\Server\rewrite.php(49): require_once('C:\\xampp\\htdocs\\sig22eo10010\\public\\index.php')
ERROR - 2024-06-26 02:38:31 --> Error connecting to the database: mysqli_sql_exception: No connection could be made because the target machine actively refused it in C:\xampp\htdocs\sig22eo10010\system\Database\MySQLi\Connection.php:186
Stack trace:
#0 C:\xampp\htdocs\sig22eo10010\system\Database\MySQLi\Connection.php(186): mysqli->real_connect('localhost', 'root', Object(SensitiveParameterValue), 'sig', 3306, '', 0)
#1 C:\xampp\htdocs\sig22eo10010\system\Database\BaseConnection.php(421): CodeIgniter\Database\MySQLi\Connection->connect(false)
#2 C:\xampp\htdocs\sig22eo10010\system\Database\BaseConnection.php(604): CodeIgniter\Database\BaseConnection->initialize()
#3 C:\xampp\htdocs\sig22eo10010\system\Database\BaseBuilder.php(1629): CodeIgniter\Database\BaseConnection->query('SELECT *\nFROM `...', Array, false)
#4 C:\xampp\htdocs\sig22eo10010\system\Model.php(207): CodeIgniter\Database\BaseBuilder->get()
#5 C:\xampp\htdocs\sig22eo10010\system\BaseModel.php(610): CodeIgniter\Model->doFind(true, 1)
#6 C:\xampp\htdocs\sig22eo10010\app\Controllers\Dashboard.php(17): CodeIgniter\BaseModel->find(1)
#7 C:\xampp\htdocs\sig22eo10010\system\CodeIgniter.php(933): App\Controllers\Dashboard->index()
#8 C:\xampp\htdocs\sig22eo10010\system\CodeIgniter.php(509): CodeIgniter\CodeIgniter->runController(Object(App\Controllers\Dashboard))
#9 C:\xampp\htdocs\sig22eo10010\system\CodeIgniter.php(355): CodeIgniter\CodeIgniter->handleRequest(NULL, Object(Config\Cache), false)
#10 C:\xampp\htdocs\sig22eo10010\system\Boot.php(312): CodeIgniter\CodeIgniter->run()
#11 C:\xampp\htdocs\sig22eo10010\system\Boot.php(67): CodeIgniter\Boot::runCodeIgniter(Object(CodeIgniter\CodeIgniter))
#12 C:\xampp\htdocs\sig22eo10010\public\index.php(56): CodeIgniter\Boot::bootWeb(Object(Config\Paths))
#13 C:\xampp\htdocs\sig22eo10010\system\Commands\Server\rewrite.php(49): require_once('C:\\xampp\\htdocs...')
#14 {main}

Next CodeIgniter\Database\Exceptions\DatabaseException: No connection could be made because the target machine actively refused it in C:\xampp\htdocs\sig22eo10010\system\Database\MySQLi\Connection.php:231
Stack trace:
#0 C:\xampp\htdocs\sig22eo10010\system\Database\BaseConnection.php(421): CodeIgniter\Database\MySQLi\Connection->connect(false)
#1 C:\xampp\htdocs\sig22eo10010\system\Database\BaseConnection.php(604): CodeIgniter\Database\BaseConnection->initialize()
#2 C:\xampp\htdocs\sig22eo10010\system\Database\BaseBuilder.php(1629): CodeIgniter\Database\BaseConnection->query('SELECT *\nFROM `...', Array, false)
#3 C:\xampp\htdocs\sig22eo10010\system\Model.php(207): CodeIgniter\Database\BaseBuilder->get()
#4 C:\xampp\htdocs\sig22eo10010\system\BaseModel.php(610): CodeIgniter\Model->doFind(true, 1)
#5 C:\xampp\htdocs\sig22eo10010\app\Controllers\Dashboard.php(17): CodeIgniter\BaseModel->find(1)
#6 C:\xampp\htdocs\sig22eo10010\system\CodeIgniter.php(933): App\Controllers\Dashboard->index()
#7 C:\xampp\htdocs\sig22eo10010\system\CodeIgniter.php(509): CodeIgniter\CodeIgniter->runController(Object(App\Controllers\Dashboard))
#8 C:\xampp\htdocs\sig22eo10010\system\CodeIgniter.php(355): CodeIgniter\CodeIgniter->handleRequest(NULL, Object(Config\Cache), false)
#9 C:\xampp\htdocs\sig22eo10010\system\Boot.php(312): CodeIgniter\CodeIgniter->run()
#10 C:\xampp\htdocs\sig22eo10010\system\Boot.php(67): CodeIgniter\Boot::runCodeIgniter(Object(CodeIgniter\CodeIgniter))
#11 C:\xampp\htdocs\sig22eo10010\public\index.php(56): CodeIgniter\Boot::bootWeb(Object(Config\Paths))
#12 C:\xampp\htdocs\sig22eo10010\system\Commands\Server\rewrite.php(49): require_once('C:\\xampp\\htdocs...')
#13 {main}
CRITICAL - 2024-06-26 02:38:31 --> CodeIgniter\Database\Exceptions\DatabaseException: Unable to connect to the database.
Main connection [MySQLi]: No connection could be made because the target machine actively refused it
[Method: GET, Route: /]
in SYSTEMPATH\Database\BaseConnection.php on line 457.
 1 SYSTEMPATH\Database\BaseConnection.php(604): CodeIgniter\Database\BaseConnection->initialize()
 2 SYSTEMPATH\Database\BaseBuilder.php(1629): CodeIgniter\Database\BaseConnection->query('SELECT *
FROM `kabupaten`
WHERE `kabupaten`.`id_kabupaten` = :kabupaten.id_kabupaten:', [...], false)
 3 SYSTEMPATH\Model.php(207): CodeIgniter\Database\BaseBuilder->get()
 4 SYSTEMPATH\BaseModel.php(610): CodeIgniter\Model->doFind(true, 1)
 5 APPPATH\Controllers\Dashboard.php(17): CodeIgniter\BaseModel->find(1)
 6 SYSTEMPATH\CodeIgniter.php(933): App\Controllers\Dashboard->index()
 7 SYSTEMPATH\CodeIgniter.php(509): CodeIgniter\CodeIgniter->runController(Object(App\Controllers\Dashboard))
 8 SYSTEMPATH\CodeIgniter.php(355): CodeIgniter\CodeIgniter->handleRequest(null, Object(Config\Cache), false)
 9 SYSTEMPATH\Boot.php(312): CodeIgniter\CodeIgniter->run()
10 SYSTEMPATH\Boot.php(67): CodeIgniter\Boot::runCodeIgniter(Object(CodeIgniter\CodeIgniter))
11 FCPATH\index.php(56): CodeIgniter\Boot::bootWeb(Object(Config\Paths))
12 SYSTEMPATH\Commands\Server\rewrite.php(49): require_once('C:\\xampp\\htdocs\\sig22eo10010\\public\\index.php')
ERROR - 2024-06-26 03:10:11 --> mysqli_sql_exception: Cannot add or update a child row: a foreign key constraint fails (`sig`.`kecamatan`, CONSTRAINT `kecamatan_ibfk_1` FOREIGN KEY (`id_kabupaten`) REFERENCES `kabupaten` (`id_kabupaten`)) in C:\xampp\htdocs\sig22eo10010\system\Database\MySQLi\Connection.php:308
Stack trace:
#0 C:\xampp\htdocs\sig22eo10010\system\Database\MySQLi\Connection.php(308): mysqli->query('INSERT INTO `ke...', 0)
#1 C:\xampp\htdocs\sig22eo10010\system\Database\BaseConnection.php(722): CodeIgniter\Database\MySQLi\Connection->execute('INSERT INTO `ke...')
#2 C:\xampp\htdocs\sig22eo10010\system\Database\BaseConnection.php(636): CodeIgniter\Database\BaseConnection->simpleQuery('INSERT INTO `ke...')
#3 C:\xampp\htdocs\sig22eo10010\system\Database\BaseBuilder.php(2325): CodeIgniter\Database\BaseConnection->query('INSERT INTO `ke...', Array, false)
#4 C:\xampp\htdocs\sig22eo10010\system\Model.php(383): CodeIgniter\Database\BaseBuilder->insert()
#5 C:\xampp\htdocs\sig22eo10010\system\BaseModel.php(840): CodeIgniter\Model->doInsert(Array)
#6 C:\xampp\htdocs\sig22eo10010\system\Model.php(791): CodeIgniter\BaseModel->insert(Array, true)
#7 C:\xampp\htdocs\sig22eo10010\app\Controllers\Kecamatan.php(49): CodeIgniter\Model->insert(Array)
#8 C:\xampp\htdocs\sig22eo10010\system\CodeIgniter.php(933): App\Controllers\Kecamatan->simpan()
#9 C:\xampp\htdocs\sig22eo10010\system\CodeIgniter.php(509): CodeIgniter\CodeIgniter->runController(Object(App\Controllers\Kecamatan))
#10 C:\xampp\htdocs\sig22eo10010\system\CodeIgniter.php(355): CodeIgniter\CodeIgniter->handleRequest(NULL, Object(Config\Cache), false)
#11 C:\xampp\htdocs\sig22eo10010\system\Boot.php(312): CodeIgniter\CodeIgniter->run()
#12 C:\xampp\htdocs\sig22eo10010\system\Boot.php(67): CodeIgniter\Boot::runCodeIgniter(Object(CodeIgniter\CodeIgniter))
#13 C:\xampp\htdocs\sig22eo10010\public\index.php(56): CodeIgniter\Boot::bootWeb(Object(Config\Paths))
#14 C:\xampp\htdocs\sig22eo10010\system\Commands\Server\rewrite.php(49): require_once('C:\\xampp\\htdocs...')
#15 {main}
CRITICAL - 2024-06-26 03:10:11 --> CodeIgniter\Database\Exceptions\DatabaseException: Cannot add or update a child row: a foreign key constraint fails (`sig`.`kecamatan`, CONSTRAINT `kecamatan_ibfk_1` FOREIGN KEY (`id_kabupaten`) REFERENCES `kabupaten` (`id_kabupaten`))
[Method: POST, Route: simpankecamatan]
in SYSTEMPATH\Database\BaseConnection.php on line 676.
 1 SYSTEMPATH\Database\BaseBuilder.php(2325): CodeIgniter\Database\BaseConnection->query('INSERT INTO `kecamatan` (`kode_kecamatan`, `id_kabupaten`, `nama_kecamatan`, `jumlah_penduduk`, `luas_wilayah`) VALUES (:kode_kecamatan:, :id_kabupaten:, :nama_kecamatan:, :jumlah_penduduk:, :luas_wilayah:)', [...], false)
 2 SYSTEMPATH\Model.php(383): CodeIgniter\Database\BaseBuilder->insert()
 3 SYSTEMPATH\BaseModel.php(840): CodeIgniter\Model->doInsert([...])
 4 SYSTEMPATH\Model.php(791): CodeIgniter\BaseModel->insert([...], true)
 5 APPPATH\Controllers\Kecamatan.php(49): CodeIgniter\Model->insert([...])
 6 SYSTEMPATH\CodeIgniter.php(933): App\Controllers\Kecamatan->simpan()
 7 SYSTEMPATH\CodeIgniter.php(509): CodeIgniter\CodeIgniter->runController(Object(App\Controllers\Kecamatan))
 8 SYSTEMPATH\CodeIgniter.php(355): CodeIgniter\CodeIgniter->handleRequest(null, Object(Config\Cache), false)
 9 SYSTEMPATH\Boot.php(312): CodeIgniter\CodeIgniter->run()
10 SYSTEMPATH\Boot.php(67): CodeIgniter\Boot::runCodeIgniter(Object(CodeIgniter\CodeIgniter))
11 FCPATH\index.php(56): CodeIgniter\Boot::bootWeb(Object(Config\Paths))
12 SYSTEMPATH\Commands\Server\rewrite.php(49): require_once('C:\\xampp\\htdocs\\sig22eo10010\\public\\index.php')
CRITICAL - 2024-06-26 03:10:11 --> [Caused by] CodeIgniter\Database\Exceptions\DatabaseException: Cannot add or update a child row: a foreign key constraint fails (`sig`.`kecamatan`, CONSTRAINT `kecamatan_ibfk_1` FOREIGN KEY (`id_kabupaten`) REFERENCES `kabupaten` (`id_kabupaten`))
in SYSTEMPATH\Database\MySQLi\Connection.php on line 313.
 1 SYSTEMPATH\Database\BaseConnection.php(722): CodeIgniter\Database\MySQLi\Connection->execute('INSERT INTO `kecamatan` (`kode_kecamatan`, `id_kabupaten`, `nama_kecamatan`, `jumlah_penduduk`, `luas_wilayah`) VALUES (\'30205\', \'\', \'Kebasen\', \'71324\', \'5400\')')
 2 SYSTEMPATH\Database\BaseConnection.php(636): CodeIgniter\Database\BaseConnection->simpleQuery('INSERT INTO `kecamatan` (`kode_kecamatan`, `id_kabupaten`, `nama_kecamatan`, `jumlah_penduduk`, `luas_wilayah`) VALUES (\'30205\', \'\', \'Kebasen\', \'71324\', \'5400\')')
 3 SYSTEMPATH\Database\BaseBuilder.php(2325): CodeIgniter\Database\BaseConnection->query('INSERT INTO `kecamatan` (`kode_kecamatan`, `id_kabupaten`, `nama_kecamatan`, `jumlah_penduduk`, `luas_wilayah`) VALUES (:kode_kecamatan:, :id_kabupaten:, :nama_kecamatan:, :jumlah_penduduk:, :luas_wilayah:)', [...], false)
 4 SYSTEMPATH\Model.php(383): CodeIgniter\Database\BaseBuilder->insert()
 5 SYSTEMPATH\BaseModel.php(840): CodeIgniter\Model->doInsert([...])
 6 SYSTEMPATH\Model.php(791): CodeIgniter\BaseModel->insert([...], true)
 7 APPPATH\Controllers\Kecamatan.php(49): CodeIgniter\Model->insert([...])
 8 SYSTEMPATH\CodeIgniter.php(933): App\Controllers\Kecamatan->simpan()
 9 SYSTEMPATH\CodeIgniter.php(509): CodeIgniter\CodeIgniter->runController(Object(App\Controllers\Kecamatan))
10 SYSTEMPATH\CodeIgniter.php(355): CodeIgniter\CodeIgniter->handleRequest(null, Object(Config\Cache), false)
11 SYSTEMPATH\Boot.php(312): CodeIgniter\CodeIgniter->run()
12 SYSTEMPATH\Boot.php(67): CodeIgniter\Boot::runCodeIgniter(Object(CodeIgniter\CodeIgniter))
13 FCPATH\index.php(56): CodeIgniter\Boot::bootWeb(Object(Config\Paths))
14 SYSTEMPATH\Commands\Server\rewrite.php(49): require_once('C:\\xampp\\htdocs\\sig22eo10010\\public\\index.php')
CRITICAL - 2024-06-26 03:10:11 --> [Caused by] mysqli_sql_exception: Cannot add or update a child row: a foreign key constraint fails (`sig`.`kecamatan`, CONSTRAINT `kecamatan_ibfk_1` FOREIGN KEY (`id_kabupaten`) REFERENCES `kabupaten` (`id_kabupaten`))
in SYSTEMPATH\Database\MySQLi\Connection.php on line 308.
 1 SYSTEMPATH\Database\MySQLi\Connection.php(308): mysqli->query('INSERT INTO `kecamatan` (`kode_kecamatan`, `id_kabupaten`, `nama_kecamatan`, `jumlah_penduduk`, `luas_wilayah`) VALUES (\'30205\', \'\', \'Kebasen\', \'71324\', \'5400\')', 0)
 2 SYSTEMPATH\Database\BaseConnection.php(722): CodeIgniter\Database\MySQLi\Connection->execute('INSERT INTO `kecamatan` (`kode_kecamatan`, `id_kabupaten`, `nama_kecamatan`, `jumlah_penduduk`, `luas_wilayah`) VALUES (\'30205\', \'\', \'Kebasen\', \'71324\', \'5400\')')
 3 SYSTEMPATH\Database\BaseConnection.php(636): CodeIgniter\Database\BaseConnection->simpleQuery('INSERT INTO `kecamatan` (`kode_kecamatan`, `id_kabupaten`, `nama_kecamatan`, `jumlah_penduduk`, `luas_wilayah`) VALUES (\'30205\', \'\', \'Kebasen\', \'71324\', \'5400\')')
 4 SYSTEMPATH\Database\BaseBuilder.php(2325): CodeIgniter\Database\BaseConnection->query('INSERT INTO `kecamatan` (`kode_kecamatan`, `id_kabupaten`, `nama_kecamatan`, `jumlah_penduduk`, `luas_wilayah`) VALUES (:kode_kecamatan:, :id_kabupaten:, :nama_kecamatan:, :jumlah_penduduk:, :luas_wilayah:)', [...], false)
 5 SYSTEMPATH\Model.php(383): CodeIgniter\Database\BaseBuilder->insert()
 6 SYSTEMPATH\BaseModel.php(840): CodeIgniter\Model->doInsert([...])
 7 SYSTEMPATH\Model.php(791): CodeIgniter\BaseModel->insert([...], true)
 8 APPPATH\Controllers\Kecamatan.php(49): CodeIgniter\Model->insert([...])
 9 SYSTEMPATH\CodeIgniter.php(933): App\Controllers\Kecamatan->simpan()
10 SYSTEMPATH\CodeIgniter.php(509): CodeIgniter\CodeIgniter->runController(Object(App\Controllers\Kecamatan))
11 SYSTEMPATH\CodeIgniter.php(355): CodeIgniter\CodeIgniter->handleRequest(null, Object(Config\Cache), false)
12 SYSTEMPATH\Boot.php(312): CodeIgniter\CodeIgniter->run()
13 SYSTEMPATH\Boot.php(67): CodeIgniter\Boot::runCodeIgniter(Object(CodeIgniter\CodeIgniter))
14 FCPATH\index.php(56): CodeIgniter\Boot::bootWeb(Object(Config\Paths))
15 SYSTEMPATH\Commands\Server\rewrite.php(49): require_once('C:\\xampp\\htdocs\\sig22eo10010\\public\\index.php')
ERROR - 2024-06-26 03:17:41 --> mysqli_sql_exception: Cannot delete or update a parent row: a foreign key constraint fails (`sig`.`sekolah`, CONSTRAINT `sekolah_ibfk_1` FOREIGN KEY (`kode_kecamatan`) REFERENCES `kecamatan` (`kode_kecamatan`)) in C:\xampp\htdocs\sig22eo10010\system\Database\MySQLi\Connection.php:308
Stack trace:
#0 C:\xampp\htdocs\sig22eo10010\system\Database\MySQLi\Connection.php(308): mysqli->query('DELETE FROM `ke...', 0)
#1 C:\xampp\htdocs\sig22eo10010\system\Database\BaseConnection.php(722): CodeIgniter\Database\MySQLi\Connection->execute('DELETE FROM `ke...')
#2 C:\xampp\htdocs\sig22eo10010\system\Database\BaseConnection.php(636): CodeIgniter\Database\BaseConnection->simpleQuery('DELETE FROM `ke...')
#3 C:\xampp\htdocs\sig22eo10010\system\Database\BaseBuilder.php(2823): CodeIgniter\Database\BaseConnection->query('DELETE FROM `ke...', Array, false)
#4 C:\xampp\htdocs\sig22eo10010\system\Model.php(510): CodeIgniter\Database\BaseBuilder->delete()
#5 C:\xampp\htdocs\sig22eo10010\system\BaseModel.php(1158): CodeIgniter\Model->doDelete(Array, false)
#6 C:\xampp\htdocs\sig22eo10010\app\Controllers\Kecamatan.php(83): CodeIgniter\BaseModel->delete(Array)
#7 C:\xampp\htdocs\sig22eo10010\system\CodeIgniter.php(933): App\Controllers\Kecamatan->hapus('30211')
#8 C:\xampp\htdocs\sig22eo10010\system\CodeIgniter.php(509): CodeIgniter\CodeIgniter->runController(Object(App\Controllers\Kecamatan))
#9 C:\xampp\htdocs\sig22eo10010\system\CodeIgniter.php(355): CodeIgniter\CodeIgniter->handleRequest(NULL, Object(Config\Cache), false)
#10 C:\xampp\htdocs\sig22eo10010\system\Boot.php(312): CodeIgniter\CodeIgniter->run()
#11 C:\xampp\htdocs\sig22eo10010\system\Boot.php(67): CodeIgniter\Boot::runCodeIgniter(Object(CodeIgniter\CodeIgniter))
#12 C:\xampp\htdocs\sig22eo10010\public\index.php(56): CodeIgniter\Boot::bootWeb(Object(Config\Paths))
#13 C:\xampp\htdocs\sig22eo10010\system\Commands\Server\rewrite.php(49): require_once('C:\\xampp\\htdocs...')
#14 {main}
CRITICAL - 2024-06-26 03:17:41 --> CodeIgniter\Database\Exceptions\DatabaseException: Cannot delete or update a parent row: a foreign key constraint fails (`sig`.`sekolah`, CONSTRAINT `sekolah_ibfk_1` FOREIGN KEY (`kode_kecamatan`) REFERENCES `kecamatan` (`kode_kecamatan`))
[Method: GET, Route: hapuskecamatan/30211]
in SYSTEMPATH\Database\BaseConnection.php on line 676.
 1 SYSTEMPATH\Database\BaseBuilder.php(2823): CodeIgniter\Database\BaseConnection->query('DELETE FROM `kecamatan`
WHERE `kode_kecamatan` IN :kode_kecamatan:', [...], false)
 2 SYSTEMPATH\Model.php(510): CodeIgniter\Database\BaseBuilder->delete()
 3 SYSTEMPATH\BaseModel.php(1158): CodeIgniter\Model->doDelete([...], false)
 4 APPPATH\Controllers\Kecamatan.php(83): CodeIgniter\BaseModel->delete([...])
 5 SYSTEMPATH\CodeIgniter.php(933): App\Controllers\Kecamatan->hapus('30211')
 6 SYSTEMPATH\CodeIgniter.php(509): CodeIgniter\CodeIgniter->runController(Object(App\Controllers\Kecamatan))
 7 SYSTEMPATH\CodeIgniter.php(355): CodeIgniter\CodeIgniter->handleRequest(null, Object(Config\Cache), false)
 8 SYSTEMPATH\Boot.php(312): CodeIgniter\CodeIgniter->run()
 9 SYSTEMPATH\Boot.php(67): CodeIgniter\Boot::runCodeIgniter(Object(CodeIgniter\CodeIgniter))
10 FCPATH\index.php(56): CodeIgniter\Boot::bootWeb(Object(Config\Paths))
11 SYSTEMPATH\Commands\Server\rewrite.php(49): require_once('C:\\xampp\\htdocs\\sig22eo10010\\public\\index.php')
CRITICAL - 2024-06-26 03:17:41 --> [Caused by] CodeIgniter\Database\Exceptions\DatabaseException: Cannot delete or update a parent row: a foreign key constraint fails (`sig`.`sekolah`, CONSTRAINT `sekolah_ibfk_1` FOREIGN KEY (`kode_kecamatan`) REFERENCES `kecamatan` (`kode_kecamatan`))
in SYSTEMPATH\Database\MySQLi\Connection.php on line 313.
 1 SYSTEMPATH\Database\BaseConnection.php(722): CodeIgniter\Database\MySQLi\Connection->execute('DELETE FROM `kecamatan`
WHERE `kode_kecamatan` IN (\'30211\')')
 2 SYSTEMPATH\Database\BaseConnection.php(636): CodeIgniter\Database\BaseConnection->simpleQuery('DELETE FROM `kecamatan`
WHERE `kode_kecamatan` IN (\'30211\')')
 3 SYSTEMPATH\Database\BaseBuilder.php(2823): CodeIgniter\Database\BaseConnection->query('DELETE FROM `kecamatan`
WHERE `kode_kecamatan` IN :kode_kecamatan:', [...], false)
 4 SYSTEMPATH\Model.php(510): CodeIgniter\Database\BaseBuilder->delete()
 5 SYSTEMPATH\BaseModel.php(1158): CodeIgniter\Model->doDelete([...], false)
 6 APPPATH\Controllers\Kecamatan.php(83): CodeIgniter\BaseModel->delete([...])
 7 SYSTEMPATH\CodeIgniter.php(933): App\Controllers\Kecamatan->hapus('30211')
 8 SYSTEMPATH\CodeIgniter.php(509): CodeIgniter\CodeIgniter->runController(Object(App\Controllers\Kecamatan))
 9 SYSTEMPATH\CodeIgniter.php(355): CodeIgniter\CodeIgniter->handleRequest(null, Object(Config\Cache), false)
10 SYSTEMPATH\Boot.php(312): CodeIgniter\CodeIgniter->run()
11 SYSTEMPATH\Boot.php(67): CodeIgniter\Boot::runCodeIgniter(Object(CodeIgniter\CodeIgniter))
12 FCPATH\index.php(56): CodeIgniter\Boot::bootWeb(Object(Config\Paths))
13 SYSTEMPATH\Commands\Server\rewrite.php(49): require_once('C:\\xampp\\htdocs\\sig22eo10010\\public\\index.php')
CRITICAL - 2024-06-26 03:17:41 --> [Caused by] mysqli_sql_exception: Cannot delete or update a parent row: a foreign key constraint fails (`sig`.`sekolah`, CONSTRAINT `sekolah_ibfk_1` FOREIGN KEY (`kode_kecamatan`) REFERENCES `kecamatan` (`kode_kecamatan`))
in SYSTEMPATH\Database\MySQLi\Connection.php on line 308.
 1 SYSTEMPATH\Database\MySQLi\Connection.php(308): mysqli->query('DELETE FROM `kecamatan`
WHERE `kode_kecamatan` IN (\'30211\')', 0)
 2 SYSTEMPATH\Database\BaseConnection.php(722): CodeIgniter\Database\MySQLi\Connection->execute('DELETE FROM `kecamatan`
WHERE `kode_kecamatan` IN (\'30211\')')
 3 SYSTEMPATH\Database\BaseConnection.php(636): CodeIgniter\Database\BaseConnection->simpleQuery('DELETE FROM `kecamatan`
WHERE `kode_kecamatan` IN (\'30211\')')
 4 SYSTEMPATH\Database\BaseBuilder.php(2823): CodeIgniter\Database\BaseConnection->query('DELETE FROM `kecamatan`
WHERE `kode_kecamatan` IN :kode_kecamatan:', [...], false)
 5 SYSTEMPATH\Model.php(510): CodeIgniter\Database\BaseBuilder->delete()
 6 SYSTEMPATH\BaseModel.php(1158): CodeIgniter\Model->doDelete([...], false)
 7 APPPATH\Controllers\Kecamatan.php(83): CodeIgniter\BaseModel->delete([...])
 8 SYSTEMPATH\CodeIgniter.php(933): App\Controllers\Kecamatan->hapus('30211')
 9 SYSTEMPATH\CodeIgniter.php(509): CodeIgniter\CodeIgniter->runController(Object(App\Controllers\Kecamatan))
10 SYSTEMPATH\CodeIgniter.php(355): CodeIgniter\CodeIgniter->handleRequest(null, Object(Config\Cache), false)
11 SYSTEMPATH\Boot.php(312): CodeIgniter\CodeIgniter->run()
12 SYSTEMPATH\Boot.php(67): CodeIgniter\Boot::runCodeIgniter(Object(CodeIgniter\CodeIgniter))
13 FCPATH\index.php(56): CodeIgniter\Boot::bootWeb(Object(Config\Paths))
14 SYSTEMPATH\Commands\Server\rewrite.php(49): require_once('C:\\xampp\\htdocs\\sig22eo10010\\public\\index.php')
ERROR - 2024-06-26 03:20:33 --> mysqli_sql_exception: Cannot delete or update a parent row: a foreign key constraint fails (`sig`.`sekolah`, CONSTRAINT `sekolah_ibfk_1` FOREIGN KEY (`kode_kecamatan`) REFERENCES `kecamatan` (`kode_kecamatan`)) in C:\xampp\htdocs\sig22eo10010\system\Database\MySQLi\Connection.php:308
Stack trace:
#0 C:\xampp\htdocs\sig22eo10010\system\Database\MySQLi\Connection.php(308): mysqli->query('DELETE FROM `ke...', 0)
#1 C:\xampp\htdocs\sig22eo10010\system\Database\BaseConnection.php(722): CodeIgniter\Database\MySQLi\Connection->execute('DELETE FROM `ke...')
#2 C:\xampp\htdocs\sig22eo10010\system\Database\BaseConnection.php(636): CodeIgniter\Database\BaseConnection->simpleQuery('DELETE FROM `ke...')
#3 C:\xampp\htdocs\sig22eo10010\system\Database\BaseBuilder.php(2823): CodeIgniter\Database\BaseConnection->query('DELETE FROM `ke...', Array, false)
#4 C:\xampp\htdocs\sig22eo10010\system\Model.php(510): CodeIgniter\Database\BaseBuilder->delete()
#5 C:\xampp\htdocs\sig22eo10010\system\BaseModel.php(1158): CodeIgniter\Model->doDelete(Array, false)
#6 C:\xampp\htdocs\sig22eo10010\app\Controllers\Kecamatan.php(83): CodeIgniter\BaseModel->delete(Array)
#7 C:\xampp\htdocs\sig22eo10010\system\CodeIgniter.php(933): App\Controllers\Kecamatan->hapus('30211')
#8 C:\xampp\htdocs\sig22eo10010\system\CodeIgniter.php(509): CodeIgniter\CodeIgniter->runController(Object(App\Controllers\Kecamatan))
#9 C:\xampp\htdocs\sig22eo10010\system\CodeIgniter.php(355): CodeIgniter\CodeIgniter->handleRequest(NULL, Object(Config\Cache), false)
#10 C:\xampp\htdocs\sig22eo10010\system\Boot.php(312): CodeIgniter\CodeIgniter->run()
#11 C:\xampp\htdocs\sig22eo10010\system\Boot.php(67): CodeIgniter\Boot::runCodeIgniter(Object(CodeIgniter\CodeIgniter))
#12 C:\xampp\htdocs\sig22eo10010\public\index.php(56): CodeIgniter\Boot::bootWeb(Object(Config\Paths))
#13 C:\xampp\htdocs\sig22eo10010\system\Commands\Server\rewrite.php(49): require_once('C:\\xampp\\htdocs...')
#14 {main}
CRITICAL - 2024-06-26 03:20:33 --> CodeIgniter\Database\Exceptions\DatabaseException: Cannot delete or update a parent row: a foreign key constraint fails (`sig`.`sekolah`, CONSTRAINT `sekolah_ibfk_1` FOREIGN KEY (`kode_kecamatan`) REFERENCES `kecamatan` (`kode_kecamatan`))
[Method: GET, Route: hapuskecamatan/30211]
in SYSTEMPATH\Database\BaseConnection.php on line 676.
 1 SYSTEMPATH\Database\BaseBuilder.php(2823): CodeIgniter\Database\BaseConnection->query('DELETE FROM `kecamatan`
WHERE `kode_kecamatan` IN :kode_kecamatan:', [...], false)
 2 SYSTEMPATH\Model.php(510): CodeIgniter\Database\BaseBuilder->delete()
 3 SYSTEMPATH\BaseModel.php(1158): CodeIgniter\Model->doDelete([...], false)
 4 APPPATH\Controllers\Kecamatan.php(83): CodeIgniter\BaseModel->delete([...])
 5 SYSTEMPATH\CodeIgniter.php(933): App\Controllers\Kecamatan->hapus('30211')
 6 SYSTEMPATH\CodeIgniter.php(509): CodeIgniter\CodeIgniter->runController(Object(App\Controllers\Kecamatan))
 7 SYSTEMPATH\CodeIgniter.php(355): CodeIgniter\CodeIgniter->handleRequest(null, Object(Config\Cache), false)
 8 SYSTEMPATH\Boot.php(312): CodeIgniter\CodeIgniter->run()
 9 SYSTEMPATH\Boot.php(67): CodeIgniter\Boot::runCodeIgniter(Object(CodeIgniter\CodeIgniter))
10 FCPATH\index.php(56): CodeIgniter\Boot::bootWeb(Object(Config\Paths))
11 SYSTEMPATH\Commands\Server\rewrite.php(49): require_once('C:\\xampp\\htdocs\\sig22eo10010\\public\\index.php')
CRITICAL - 2024-06-26 03:20:33 --> [Caused by] CodeIgniter\Database\Exceptions\DatabaseException: Cannot delete or update a parent row: a foreign key constraint fails (`sig`.`sekolah`, CONSTRAINT `sekolah_ibfk_1` FOREIGN KEY (`kode_kecamatan`) REFERENCES `kecamatan` (`kode_kecamatan`))
in SYSTEMPATH\Database\MySQLi\Connection.php on line 313.
 1 SYSTEMPATH\Database\BaseConnection.php(722): CodeIgniter\Database\MySQLi\Connection->execute('DELETE FROM `kecamatan`
WHERE `kode_kecamatan` IN (\'30211\')')
 2 SYSTEMPATH\Database\BaseConnection.php(636): CodeIgniter\Database\BaseConnection->simpleQuery('DELETE FROM `kecamatan`
WHERE `kode_kecamatan` IN (\'30211\')')
 3 SYSTEMPATH\Database\BaseBuilder.php(2823): CodeIgniter\Database\BaseConnection->query('DELETE FROM `kecamatan`
WHERE `kode_kecamatan` IN :kode_kecamatan:', [...], false)
 4 SYSTEMPATH\Model.php(510): CodeIgniter\Database\BaseBuilder->delete()
 5 SYSTEMPATH\BaseModel.php(1158): CodeIgniter\Model->doDelete([...], false)
 6 APPPATH\Controllers\Kecamatan.php(83): CodeIgniter\BaseModel->delete([...])
 7 SYSTEMPATH\CodeIgniter.php(933): App\Controllers\Kecamatan->hapus('30211')
 8 SYSTEMPATH\CodeIgniter.php(509): CodeIgniter\CodeIgniter->runController(Object(App\Controllers\Kecamatan))
 9 SYSTEMPATH\CodeIgniter.php(355): CodeIgniter\CodeIgniter->handleRequest(null, Object(Config\Cache), false)
10 SYSTEMPATH\Boot.php(312): CodeIgniter\CodeIgniter->run()
11 SYSTEMPATH\Boot.php(67): CodeIgniter\Boot::runCodeIgniter(Object(CodeIgniter\CodeIgniter))
12 FCPATH\index.php(56): CodeIgniter\Boot::bootWeb(Object(Config\Paths))
13 SYSTEMPATH\Commands\Server\rewrite.php(49): require_once('C:\\xampp\\htdocs\\sig22eo10010\\public\\index.php')
CRITICAL - 2024-06-26 03:20:33 --> [Caused by] mysqli_sql_exception: Cannot delete or update a parent row: a foreign key constraint fails (`sig`.`sekolah`, CONSTRAINT `sekolah_ibfk_1` FOREIGN KEY (`kode_kecamatan`) REFERENCES `kecamatan` (`kode_kecamatan`))
in SYSTEMPATH\Database\MySQLi\Connection.php on line 308.
 1 SYSTEMPATH\Database\MySQLi\Connection.php(308): mysqli->query('DELETE FROM `kecamatan`
WHERE `kode_kecamatan` IN (\'30211\')', 0)
 2 SYSTEMPATH\Database\BaseConnection.php(722): CodeIgniter\Database\MySQLi\Connection->execute('DELETE FROM `kecamatan`
WHERE `kode_kecamatan` IN (\'30211\')')
 3 SYSTEMPATH\Database\BaseConnection.php(636): CodeIgniter\Database\BaseConnection->simpleQuery('DELETE FROM `kecamatan`
WHERE `kode_kecamatan` IN (\'30211\')')
 4 SYSTEMPATH\Database\BaseBuilder.php(2823): CodeIgniter\Database\BaseConnection->query('DELETE FROM `kecamatan`
WHERE `kode_kecamatan` IN :kode_kecamatan:', [...], false)
 5 SYSTEMPATH\Model.php(510): CodeIgniter\Database\BaseBuilder->delete()
 6 SYSTEMPATH\BaseModel.php(1158): CodeIgniter\Model->doDelete([...], false)
 7 APPPATH\Controllers\Kecamatan.php(83): CodeIgniter\BaseModel->delete([...])
 8 SYSTEMPATH\CodeIgniter.php(933): App\Controllers\Kecamatan->hapus('30211')
 9 SYSTEMPATH\CodeIgniter.php(509): CodeIgniter\CodeIgniter->runController(Object(App\Controllers\Kecamatan))
10 SYSTEMPATH\CodeIgniter.php(355): CodeIgniter\CodeIgniter->handleRequest(null, Object(Config\Cache), false)
11 SYSTEMPATH\Boot.php(312): CodeIgniter\CodeIgniter->run()
12 SYSTEMPATH\Boot.php(67): CodeIgniter\Boot::runCodeIgniter(Object(CodeIgniter\CodeIgniter))
13 FCPATH\index.php(56): CodeIgniter\Boot::bootWeb(Object(Config\Paths))
14 SYSTEMPATH\Commands\Server\rewrite.php(49): require_once('C:\\xampp\\htdocs\\sig22eo10010\\public\\index.php')
ERROR - 2024-06-26 03:20:41 --> mysqli_sql_exception: Cannot delete or update a parent row: a foreign key constraint fails (`sig`.`sekolah`, CONSTRAINT `sekolah_ibfk_1` FOREIGN KEY (`kode_kecamatan`) REFERENCES `kecamatan` (`kode_kecamatan`)) in C:\xampp\htdocs\sig22eo10010\system\Database\MySQLi\Connection.php:308
Stack trace:
#0 C:\xampp\htdocs\sig22eo10010\system\Database\MySQLi\Connection.php(308): mysqli->query('DELETE FROM `ke...', 0)
#1 C:\xampp\htdocs\sig22eo10010\system\Database\BaseConnection.php(722): CodeIgniter\Database\MySQLi\Connection->execute('DELETE FROM `ke...')
#2 C:\xampp\htdocs\sig22eo10010\system\Database\BaseConnection.php(636): CodeIgniter\Database\BaseConnection->simpleQuery('DELETE FROM `ke...')
#3 C:\xampp\htdocs\sig22eo10010\system\Database\BaseBuilder.php(2823): CodeIgniter\Database\BaseConnection->query('DELETE FROM `ke...', Array, false)
#4 C:\xampp\htdocs\sig22eo10010\system\Model.php(510): CodeIgniter\Database\BaseBuilder->delete()
#5 C:\xampp\htdocs\sig22eo10010\system\BaseModel.php(1158): CodeIgniter\Model->doDelete(Array, false)
#6 C:\xampp\htdocs\sig22eo10010\app\Controllers\Kecamatan.php(83): CodeIgniter\BaseModel->delete(Array)
#7 C:\xampp\htdocs\sig22eo10010\system\CodeIgniter.php(933): App\Controllers\Kecamatan->hapus('30211')
#8 C:\xampp\htdocs\sig22eo10010\system\CodeIgniter.php(509): CodeIgniter\CodeIgniter->runController(Object(App\Controllers\Kecamatan))
#9 C:\xampp\htdocs\sig22eo10010\system\CodeIgniter.php(355): CodeIgniter\CodeIgniter->handleRequest(NULL, Object(Config\Cache), false)
#10 C:\xampp\htdocs\sig22eo10010\system\Boot.php(312): CodeIgniter\CodeIgniter->run()
#11 C:\xampp\htdocs\sig22eo10010\system\Boot.php(67): CodeIgniter\Boot::runCodeIgniter(Object(CodeIgniter\CodeIgniter))
#12 C:\xampp\htdocs\sig22eo10010\public\index.php(56): CodeIgniter\Boot::bootWeb(Object(Config\Paths))
#13 C:\xampp\htdocs\sig22eo10010\system\Commands\Server\rewrite.php(49): require_once('C:\\xampp\\htdocs...')
#14 {main}
CRITICAL - 2024-06-26 03:20:41 --> CodeIgniter\Database\Exceptions\DatabaseException: Cannot delete or update a parent row: a foreign key constraint fails (`sig`.`sekolah`, CONSTRAINT `sekolah_ibfk_1` FOREIGN KEY (`kode_kecamatan`) REFERENCES `kecamatan` (`kode_kecamatan`))
[Method: GET, Route: hapuskecamatan/30211]
in SYSTEMPATH\Database\BaseConnection.php on line 676.
 1 SYSTEMPATH\Database\BaseBuilder.php(2823): CodeIgniter\Database\BaseConnection->query('DELETE FROM `kecamatan`
WHERE `kode_kecamatan` IN :kode_kecamatan:', [...], false)
 2 SYSTEMPATH\Model.php(510): CodeIgniter\Database\BaseBuilder->delete()
 3 SYSTEMPATH\BaseModel.php(1158): CodeIgniter\Model->doDelete([...], false)
 4 APPPATH\Controllers\Kecamatan.php(83): CodeIgniter\BaseModel->delete([...])
 5 SYSTEMPATH\CodeIgniter.php(933): App\Controllers\Kecamatan->hapus('30211')
 6 SYSTEMPATH\CodeIgniter.php(509): CodeIgniter\CodeIgniter->runController(Object(App\Controllers\Kecamatan))
 7 SYSTEMPATH\CodeIgniter.php(355): CodeIgniter\CodeIgniter->handleRequest(null, Object(Config\Cache), false)
 8 SYSTEMPATH\Boot.php(312): CodeIgniter\CodeIgniter->run()
 9 SYSTEMPATH\Boot.php(67): CodeIgniter\Boot::runCodeIgniter(Object(CodeIgniter\CodeIgniter))
10 FCPATH\index.php(56): CodeIgniter\Boot::bootWeb(Object(Config\Paths))
11 SYSTEMPATH\Commands\Server\rewrite.php(49): require_once('C:\\xampp\\htdocs\\sig22eo10010\\public\\index.php')
CRITICAL - 2024-06-26 03:20:41 --> [Caused by] CodeIgniter\Database\Exceptions\DatabaseException: Cannot delete or update a parent row: a foreign key constraint fails (`sig`.`sekolah`, CONSTRAINT `sekolah_ibfk_1` FOREIGN KEY (`kode_kecamatan`) REFERENCES `kecamatan` (`kode_kecamatan`))
in SYSTEMPATH\Database\MySQLi\Connection.php on line 313.
 1 SYSTEMPATH\Database\BaseConnection.php(722): CodeIgniter\Database\MySQLi\Connection->execute('DELETE FROM `kecamatan`
WHERE `kode_kecamatan` IN (\'30211\')')
 2 SYSTEMPATH\Database\BaseConnection.php(636): CodeIgniter\Database\BaseConnection->simpleQuery('DELETE FROM `kecamatan`
WHERE `kode_kecamatan` IN (\'30211\')')
 3 SYSTEMPATH\Database\BaseBuilder.php(2823): CodeIgniter\Database\BaseConnection->query('DELETE FROM `kecamatan`
WHERE `kode_kecamatan` IN :kode_kecamatan:', [...], false)
 4 SYSTEMPATH\Model.php(510): CodeIgniter\Database\BaseBuilder->delete()
 5 SYSTEMPATH\BaseModel.php(1158): CodeIgniter\Model->doDelete([...], false)
 6 APPPATH\Controllers\Kecamatan.php(83): CodeIgniter\BaseModel->delete([...])
 7 SYSTEMPATH\CodeIgniter.php(933): App\Controllers\Kecamatan->hapus('30211')
 8 SYSTEMPATH\CodeIgniter.php(509): CodeIgniter\CodeIgniter->runController(Object(App\Controllers\Kecamatan))
 9 SYSTEMPATH\CodeIgniter.php(355): CodeIgniter\CodeIgniter->handleRequest(null, Object(Config\Cache), false)
10 SYSTEMPATH\Boot.php(312): CodeIgniter\CodeIgniter->run()
11 SYSTEMPATH\Boot.php(67): CodeIgniter\Boot::runCodeIgniter(Object(CodeIgniter\CodeIgniter))
12 FCPATH\index.php(56): CodeIgniter\Boot::bootWeb(Object(Config\Paths))
13 SYSTEMPATH\Commands\Server\rewrite.php(49): require_once('C:\\xampp\\htdocs\\sig22eo10010\\public\\index.php')
CRITICAL - 2024-06-26 03:20:41 --> [Caused by] mysqli_sql_exception: Cannot delete or update a parent row: a foreign key constraint fails (`sig`.`sekolah`, CONSTRAINT `sekolah_ibfk_1` FOREIGN KEY (`kode_kecamatan`) REFERENCES `kecamatan` (`kode_kecamatan`))
in SYSTEMPATH\Database\MySQLi\Connection.php on line 308.
 1 SYSTEMPATH\Database\MySQLi\Connection.php(308): mysqli->query('DELETE FROM `kecamatan`
WHERE `kode_kecamatan` IN (\'30211\')', 0)
 2 SYSTEMPATH\Database\BaseConnection.php(722): CodeIgniter\Database\MySQLi\Connection->execute('DELETE FROM `kecamatan`
WHERE `kode_kecamatan` IN (\'30211\')')
 3 SYSTEMPATH\Database\BaseConnection.php(636): CodeIgniter\Database\BaseConnection->simpleQuery('DELETE FROM `kecamatan`
WHERE `kode_kecamatan` IN (\'30211\')')
 4 SYSTEMPATH\Database\BaseBuilder.php(2823): CodeIgniter\Database\BaseConnection->query('DELETE FROM `kecamatan`
WHERE `kode_kecamatan` IN :kode_kecamatan:', [...], false)
 5 SYSTEMPATH\Model.php(510): CodeIgniter\Database\BaseBuilder->delete()
 6 SYSTEMPATH\BaseModel.php(1158): CodeIgniter\Model->doDelete([...], false)
 7 APPPATH\Controllers\Kecamatan.php(83): CodeIgniter\BaseModel->delete([...])
 8 SYSTEMPATH\CodeIgniter.php(933): App\Controllers\Kecamatan->hapus('30211')
 9 SYSTEMPATH\CodeIgniter.php(509): CodeIgniter\CodeIgniter->runController(Object(App\Controllers\Kecamatan))
10 SYSTEMPATH\CodeIgniter.php(355): CodeIgniter\CodeIgniter->handleRequest(null, Object(Config\Cache), false)
11 SYSTEMPATH\Boot.php(312): CodeIgniter\CodeIgniter->run()
12 SYSTEMPATH\Boot.php(67): CodeIgniter\Boot::runCodeIgniter(Object(CodeIgniter\CodeIgniter))
13 FCPATH\index.php(56): CodeIgniter\Boot::bootWeb(Object(Config\Paths))
14 SYSTEMPATH\Commands\Server\rewrite.php(49): require_once('C:\\xampp\\htdocs\\sig22eo10010\\public\\index.php')
